2025-12-12 11:59:26 INFO  Utils:112 - [TestNG] Running:
  C:\Automation\SeleniumWebdriver\AmazonV30.2\master.xml

2025-12-12 12:26:35 INFO  Utils:112 - [TestNG] Running:
  C:\Automation\SeleniumWebdriver\AmazonV30.2\master.xml

2025-12-12 14:17:33 INFO  Utils:112 - [TestNG] Running:
  C:\Automation\SeleniumWebdriver\AmazonV30.2\master.xml

2025-12-12 14:17:34 INFO  TC_001_AccountRegistrationTest:14 - ********HomePage Test Started**********
2025-12-12 14:18:01 INFO  Utils:112 - [TestNG] Running:
  C:\Automation\SeleniumWebdriver\AmazonV30.2\master.xml

2025-12-12 14:18:58 INFO  Utils:112 - [TestNG] Running:
  C:\Automation\SeleniumWebdriver\AmazonV30.2\master.xml

2025-12-12 14:20:12 INFO  Utils:112 - [TestNG] Running:
  C:\Automation\SeleniumWebdriver\AmazonV30.2\master.xml

2025-12-12 14:25:54 INFO  Utils:112 - [TestNG] Running:
  C:\Automation\SeleniumWebdriver\AmazonV30.2\master.xml

2025-12-12 14:26:20 INFO  TC_001_AccountRegistrationTest:14 - ********HomePage Test Started**********
2025-12-12 14:26:43 INFO  Utils:112 - [TestNG] Running:
  C:\Automation\SeleniumWebdriver\AmazonV30.2\master.xml

2025-12-12 14:27:37 INFO  Utils:112 - [TestNG] Running:
  C:\Automation\SeleniumWebdriver\AmazonV30.2\master.xml

2025-12-12 14:50:02 INFO  Utils:112 - [TestNG] Running:
  C:\Automation\SeleniumWebdriver\AmazonV30.2\master.xml

2025-12-12 14:50:42 INFO  Utils:112 - [TestNG] Running:
  C:\Automation\SeleniumWebdriver\AmazonV30.2\master.xml

2025-12-12 14:51:08 INFO  TC_001_AccountRegistrationTest:14 - ********HomePage Test Started**********
2025-12-12 15:19:56 INFO  Utils:112 - [TestNG] Running:
  C:\Automation\SeleniumWebdriver\AmazonV30.2\master.xml

2025-12-12 15:20:36 INFO  TC_001_AccountRegistrationTest:14 - ********HomePage Test Started**********
2025-12-12 15:21:01 INFO  TC_002_LoginTest:16 - ************TC_002_Login started*********
2025-12-12 15:21:24 INFO  Utils:112 - [TestNG] Running:
  C:\Automation\SeleniumWebdriver\AmazonV30.2\master.xml

2025-12-12 16:19:39 INFO  Utils:112 - [TestNG] Running:
  C:\Automation\SeleniumWebdriver\AmazonV30.2\master.xml

2025-12-12 16:29:52 INFO  Utils:112 - [TestNG] Running:
  C:\Automation\SeleniumWebdriver\AmazonV30.2\master.xml

2025-12-12 16:43:56 INFO  Utils:112 - [TestNG] Running:
  C:\Automation\SeleniumWebdriver\AmazonV30.2\master.xml

2025-12-12 17:55:39 INFO  Utils:112 - [TestNG] Running:
  C:\Automation\SeleniumWebdriver\AmazonV30.2\master.xml

2025-12-12 17:55:48 INFO  TC_001_AccountRegistrationTest:14 - ********HomePage Test Started**********
2025-12-12 17:55:49 INFO  TC_001_AccountRegistrationTest:21 - ********RegisterPage Test Started**********
2025-12-12 17:56:03 INFO  TC_002_LoginTest:16 - ************TC_002_Login started*********
2025-12-12 17:56:05 INFO  TC_002_LoginTest:36 - **** Finished TC_002_LoginTest  ****
2025-12-12 17:57:31 INFO  Utils:112 - [TestNG] Running:
  C:\Automation\SeleniumWebdriver\AmazonV30.2\master.xml

2025-12-12 17:57:35 INFO  TC_001_AccountRegistrationTest:14 - ********HomePage Test Started**********
2025-12-12 17:57:36 INFO  TC_001_AccountRegistrationTest:21 - ********RegisterPage Test Started**********
2025-12-12 17:57:44 INFO  TC_002_LoginTest:16 - ************TC_002_Login started*********
2025-12-12 17:57:46 INFO  TC_002_LoginTest:36 - **** Finished TC_002_LoginTest  ****
2025-12-12 18:00:12 INFO  Utils:112 - [TestNG] Running:
  C:\Automation\SeleniumWebdriver\AmazonV30.2\master.xml

2025-12-12 18:00:15 INFO  TC_001_AccountRegistrationTest:14 - ********HomePage Test Started**********
2025-12-12 18:00:16 INFO  TC_001_AccountRegistrationTest:21 - ********RegisterPage Test Started**********
2025-12-12 18:00:25 INFO  TC_002_LoginTest:16 - ************TC_002_Login started*********
2025-12-12 18:00:27 INFO  TC_002_LoginTest:36 - **** Finished TC_002_LoginTest  ****
